Microsoft (R) Macro Assembler Version 14.16.27048.0	    07/26/22 13:36:23
CalcArraySum_.asm					     Page 1 - 1


					.model flat, c
 00000000				.code

 00000000			CalcArraySum_ proc

 00000000  55				push ebp
 00000001  8B EC			mov ebp, esp

				; Load arguments and initialize sum
 00000003  8B 55 08			mov edx, [ebp + 8]
 00000006  8B 4D 0C			mov ecx, [ebp + 12]
 00000009  33 C0			xor eax, eax

				; Make sure 'n' is greater than zero
 0000000B  83 F9 00			cmp ecx, 0
 0000000E  7E 08			jle InvalidCount

				; Calculate the array element
 00000010			@@:
 00000010  03 02			add eax, [edx]
 00000012  83 C2 04			add edx, 4
 00000015  49				dec ecx
 00000016  75 F8			jnz @B

 00000018			InvalidCount:
 00000018  5D				pop ebp
 00000019  C3				ret

 0000001A			CalcArraySum_ endp
					end
Microsoft (R) Macro Assembler Version 14.16.27048.0	    07/26/22 13:36:23
CalcArraySum_.asm					     Symbols 2 - 1




Segments and Groups:

                N a m e                 Size     Length   Align   Combine Class

FLAT . . . . . . . . . . . . . .	GROUP
_DATA  . . . . . . . . . . . . .	32 Bit	 00000000 Para	  Public  'DATA'	
_TEXT  . . . . . . . . . . . . .	32 Bit	 0000001A Para	  Public  'CODE'	


Procedures, parameters, and locals:

                N a m e                 Type     Value    Attr

CalcArraySum_  . . . . . . . . .	P Near	 00000000 _TEXT	Length= 0000001A Public C
  InvalidCount . . . . . . . . .	L Near	 00000018 _TEXT	


Symbols:

                N a m e                 Type     Value    Attr

@CodeSize  . . . . . . . . . . .	Number	 00000000h   
@DataSize  . . . . . . . . . . .	Number	 00000000h   
@Interface . . . . . . . . . . .	Number	 00000001h   
@Model . . . . . . . . . . . . .	Number	 00000007h   
@code  . . . . . . . . . . . . .	Text   	 _TEXT
@data  . . . . . . . . . . . . .	Text   	 FLAT
@fardata?  . . . . . . . . . . .	Text   	 FLAT
@fardata . . . . . . . . . . . .	Text   	 FLAT
@stack . . . . . . . . . . . . .	Text   	 FLAT

	   0 Warnings
	   0 Errors
