Microsoft (R) Macro Assembler Version 14.16.27048.0	    06/11/22 19:27:38
CalcSum_.asm						     Page 1 - 1


					.model flat, c
 00000000				.code
 00000000			CalcSum_ proc
				; Initialize a stack frame pointer
 00000000  55				push ebp
 00000001  8B EC			mov ebp, esp

				; Load the argument values
 00000003  8B 45 08			mov eax, [ebp+8]
 00000006  8B 4D 0C			mov ecx, [ebp+12]
 00000009  8B 55 10			mov edx, [ebp+16]

				; calculate the sum
 0000000C  03 C1			add eax, ecx
 0000000E  03 C2			add eax, edx

				; restore the caller's stack frame pointer
 00000010  5D				pop ebp
 00000011  C3				ret

 00000012			CalcSum_ endp
					end
Microsoft (R) Macro Assembler Version 14.16.27048.0	    06/11/22 19:27:38
CalcSum_.asm						     Symbols 2 - 1




Segments and Groups:

                N a m e                 Size     Length   Align   Combine Class

FLAT . . . . . . . . . . . . . .	GROUP
_DATA  . . . . . . . . . . . . .	32 Bit	 00000000 Para	  Public  'DATA'	
_TEXT  . . . . . . . . . . . . .	32 Bit	 00000012 Para	  Public  'CODE'	


Procedures, parameters, and locals:

                N a m e                 Type     Value    Attr

CalcSum_ . . . . . . . . . . . .	P Near	 00000000 _TEXT	Length= 00000012 Public C


Symbols:

                N a m e                 Type     Value    Attr

@CodeSize  . . . . . . . . . . .	Number	 00000000h   
@DataSize  . . . . . . . . . . .	Number	 00000000h   
@Interface . . . . . . . . . . .	Number	 00000001h   
@Model . . . . . . . . . . . . .	Number	 00000007h   
@code  . . . . . . . . . . . . .	Text   	 _TEXT
@data  . . . . . . . . . . . . .	Text   	 FLAT
@fardata?  . . . . . . . . . . .	Text   	 FLAT
@fardata . . . . . . . . . . . .	Text   	 FLAT
@stack . . . . . . . . . . . . .	Text   	 FLAT

	   0 Warnings
	   0 Errors
